Resolving dependencies...
Downloading packages...
  android_intent_plus 5.3.1 (6.0.0 available)
  app_links 6.4.1 (7.0.0 available)
  characters 1.4.0 (1.4.1 available)
  code_assets 0.19.10 (1.0.0 available)
  cross_file 0.3.5+1 (0.3.5+2 available)
  dbus 0.7.11 (0.7.12 available)
  file_picker 10.3.8 (10.3.10 available)
  flutter_launcher_icons 0.13.1 (0.14.4 available)
  flutter_riverpod 2.6.1 (3.2.1 available)
  google_fonts 6.3.3 (8.0.1 available)
  hooks 0.20.5 (1.0.1 available)
! image_gallery_saver 2.0.3 from path third_party/image_gallery_saver (overridden)
  image_picker_android 0.8.13+10 (0.8.13+13 available)
  image_picker_ios 0.8.13+3 (0.8.13+6 available)
  json_annotation 4.9.0 (4.10.0 available)
  lints 6.0.0 (6.1.0 available)
  matcher 0.12.17 (0.12.18 available)
  material_color_utilities 0.11.1 (0.13.0 available)
  meta 1.17.0 (1.18.1 available)
  mime 1.0.6 (2.0.0 available)
  mobile_scanner 5.2.3 (7.1.4 available)
  native_toolchain_c 0.17.2 (0.17.4 available)
  objective_c 9.2.2 (9.3.0 available)
  permission_handler 11.4.0 (12.0.1 available)
  permission_handler_android 12.1.0 (13.0.1 available)
  riverpod 2.6.1 (3.2.1 available)
  share_plus 10.1.4 (12.0.1 available)
  share_plus_platform_interface 5.0.2 (6.1.0 available)
  source_span 1.10.1 (1.10.2 available)
  test_api 0.7.7 (0.7.9 available)
  webview_flutter_wkwebview 3.23.5 (3.23.6 available)
Got dependencies!
30 packages have newer versions incompatible with dependency constraints.
Try `flutter pub outdated` for more information.
Running Gradle task 'assembleRelease'...                        
lib/features/generator/services/supabase_service.dart:27:30: Error: Type 'Uint8List' not found.
  Future<String> uploadBytes(Uint8List bytes, String fileName) async {
                             ^^^^^^^^^
lib/features/generator/services/supabase_service.dart:27:30: Error: 'Uint8List' isn't a type.
  Future<String> uploadBytes(Uint8List bytes, String fileName) async {
                             ^^^^^^^^^
Target kernel_snapshot_program failed: Exception


FAILURE: Build failed with an exception.

* What went wrong:
Execution failed for task ':app:compileFlutterBuildRelease'.
> Process 'command '/opt/homebrew/share/flutter/bin/flutter'' finished with non-zero exit value 1

* Try:
> Run with --stacktrace option to get the stack trace.
> Run with --info or --debug option to get more log output.
> Run with --scan to get full insights.
> Get more help at https://help.gradle.org.

BUILD FAILED in 16s
Running Gradle task 'assembleRelease'...                           17.0s
Gradle task assembleRelease failed with exit code 1
